{
  "RSpec": {
    "coverage": {
      "/Users/user/Documents/MA/week_3/airport-challenge/lib/airplane.rb": [
        1,
        null,
        1,
        null,
        1,
        11,
        null,
        null,
        1,
        2,
        2,
        null,
        null,
        1,
        3,
        3,
        null,
        null,
        1,
        4,
        2,
        null,
        null,
        1,
        3,
        1,
        null,
        null,
        null
      ],
      "/Users/user/Documents/MA/week_3/airport-challenge/lib/airport.rb": [
        1,
        null,
        1,
        null,
        1,
        null,
        1,
        null,
        1,
        null,
        1,
        14,
        14,
        null,
        null,
        1,
        2,
        null,
        null,
        1,
        1,
        null,
        null,
        1,
        24,
        1,
        1,
        null,
        23,
        null,
        null,
        null,
        1,
        26,
        null,
        null,
        1,
        2,
        null,
        null,
        null
      ],
      "/Users/user/Documents/MA/week_3/airport-challenge/lib/weather.rb": [
        1,
        null,
        1,
        2,
        null,
        null,
        1,
        4,
        null,
        null,
        null
      ]
    },
    "timestamp": 1409177391
  }
}
